{
  "RSpec": {
    "coverage": {
      "/home/stoyan/e_commerce/app/helpers/application_helper.rb": {
        "lines": [
          1,
          null
        ]
      },
      "/home/stoyan/e_commerce/app/models/brand.rb": {
        "lines": [
          1,
          1,
          null,
          1,
          null,
          1,
          1,
          null
        ]
      },
      "/home/stoyan/e_commerce/app/models/application_record.rb": {
        "lines": [
          1,
          1,
          null
        ]
      },
      "/home/stoyan/e_commerce/app/channels/application_cable/channel.rb": {
        "lines": [
          0,
          0,
          0,
          0
        ],
        "branches": {
        }
      },
      "/home/stoyan/e_commerce/app/channels/application_cable/connection.rb": {
        "lines": [
          0,
          0,
          0,
          0
        ],
        "branches": {
        }
      },
      "/home/stoyan/e_commerce/app/controllers/api/v1/products_controller.rb": {
        "lines": [
          0,
          0,
          0,
          0,
          0,
          0
        ],
        "branches": {
        }
      },
      "/home/stoyan/e_commerce/app/controllers/application_controller.rb": {
        "lines": [
          0,
          0
        ],
        "branches": {
        }
      },
      "/home/stoyan/e_commerce/app/controllers/pages_controller.rb": {
        "lines": [
          0,
          0,
          0,
          0
        ],
        "branches": {
        }
      },
      "/home/stoyan/e_commerce/app/jobs/application_job.rb": {
        "lines": [
          0,
          null,
          null,
          null,
          null,
          null,
          0
        ],
        "branches": {
        }
      },
      "/home/stoyan/e_commerce/app/mailers/application_mailer.rb": {
        "lines": [
          0,
          0,
          0,
          0
        ],
        "branches": {
        }
      },
      "/home/stoyan/e_commerce/app/models/product.rb": {
        "lines": [
          0,
          0,
          0,
          0,
          null,
          null,
          0
        ],
        "branches": {
        }
      },
      "/home/stoyan/e_commerce/app/models/product_group.rb": {
        "lines": [
          0,
          0,
          0
        ],
        "branches": {
        }
      }
    },
    "timestamp": 1703409771
  }
}
